android/app/build/outputs/mapping/release/seeds.txt
com.example.full_body_routine.MainActivity
com.example.full_body_routine.MainActivity: MainActivity()
...
io.flutter.plugin.editing.ImeSyncDeferringInsetsCallback: android.view.View access$400(io.flutter.plugin.editing.ImeSyncDeferringInsetsCallback)
androidx.core.view.WindowInsetsCompat$BuilderImpl29: androidx.core.view.WindowInsetsCompat build()
androidx.window.embedding.ActivityStack: ActivityStack(java.util.List,boolean)
kotlin.jvm.internal.FunctionReferenceImpl: FunctionReferenceImpl(int,java.lang.Class,java.lang.String,java.lang.String,int)
androidx.window.layout.ExtensionWindowLayoutInfoBackend: ExtensionWindowLayoutInfoBackend(androidx.window.extensions.layout.WindowLayoutComponent)
androidx.window.embedding.EmbeddingAdapter: java.util.List translate(java.util.List)
androidx.core.view.WindowInsetsCompat$Impl30: void copyRootViewBounds(android.view.View)
androidx.window.embedding.EmbeddingInterfaceCompat$EmbeddingCallbackInterface: void onSplitInfoChanged(java.util.List)
androidx.window.core.Bounds: int hashCode()
androidx.window.layout.ExtensionWindowLayoutInfoBackend: void registerLayoutChangeCallback(android.app.Activity,java.util.concurrent.Executor,androidx.core.util.Consumer)
androidx.window.embedding.SplitRuleParser: androidx.window.embedding.SplitPlaceholderRule parseSplitPlaceholderRule(android.content.Context,android.content.res.XmlResourceParser)
io.flutter.embedding.engine.renderer.FlutterRenderer$ImageReaderSurfaceProducer: void finalize()
io.flutter.view.TextureRegistry$SurfaceProducer: void release()
androidx.window.layout.WindowMetricsCalculatorCompat: WindowMetricsCalculatorCompat()
io.flutter.embedding.engine.FlutterJNI: void nativeDispatchPlatformMessage(long,java.lang.String,java.nio.ByteBuffer,int,int)
androidx.core.view.WindowInsetsCompat$Impl20: androidx.core.graphics.Insets getSystemWindowInsets()
androidx.window.layout.SidecarWindowBackend$Companion: void resetInstance()
io.flutter.embedding.android.FlutterView: void setVisibility(int)
androidx.core.view.WindowInsetsCompat$Impl: androidx.core.graphics.Insets getStableInsets()
androidx.window.layout.SidecarAdapter: java.util.List translate(java.util.List,androidx.window.sidecar.SidecarDeviceState)
androidx.window.embedding.SplitPairRule: boolean getFinishSecondaryWithPrimary()
io.flutter.embedding.engine.FlutterJNI: void updateRefreshRate()
kotlin.jvm.internal.CallableReference: kotlin.reflect.KDeclarationContainer getOwner()
androidx.window.embedding.SplitController: void access$setStaticSplitRules(androidx.window.embedding.SplitController,java.util.Set)
kotlin.coroutines.jvm.internal.SuspendLambda: java.lang.String toString()
androidx.window.layout.SidecarCompat$FirstAttachAdapter: void onViewAttachedToWindow(android.view.View)
androidx.window.layout.WindowMetricsCalculatorDecorator: androidx.window.layout.WindowMetricsCalculator decorate(androidx.window.layout.WindowMetricsCalculator)
androidx.window.layout.WindowLayoutInfo: boolean equals(java.lang.Object)
androidx.core.view.WindowInsetsCompat$BuilderImpl: void setMandatorySystemGestureInsets(androidx.core.graphics.Insets)
androidx.core.view.WindowInsetsCompat$BuilderImpl29: void setSystemWindowInsets(androidx.core.graphics.Insets)
androidx.window.layout.HardwareFoldingFeature$Companion: HardwareFoldingFeature$Companion()
androidx.window.layout.SidecarCompat: androidx.window.layout.SidecarAdapter access$getSidecarAdapter$p(androidx.window.layout.SidecarCompat)
androidx.window.layout.SidecarAdapter$Companion: int getSidecarDevicePosture$window_release(androidx.window.sidecar.SidecarDeviceState)
androidx.window.embedding.SplitPairFilter: boolean equals(java.lang.Object)
io.flutter.embedding.android.FlutterView$ZeroSides: io.flutter.embedding.android.FlutterView$ZeroSides valueOf(java.lang.String)
androidx.lifecycle.Lifecycle$Event: androidx.lifecycle.Lifecycle$Event[] values()
androidx.window.layout.WindowMetricsCalculatorCompat: android.graphics.Rect computeWindowBoundsQ$window_release(android.app.Activity)
androidx.window.layout.FoldingFeature: boolean isSeparating()