android/app/build/outputs/mapping/release/mapping.txt
# compiler: R8
# compiler_version: 3.3.70
# min_api: 19
# common_typos_disable
# {"id":"com.android.tools.r8.mapping","version":"2.0"}
# pg_map_id: c05de89
# pg_map_hash: SHA-256 c05de89b8bda239b1176c27be8949442e113c239ab2db379bb4c090ae4bee8bf
...
kotlinx.coroutines.ChildHandleNode -> t0.s:
    kotlinx.coroutines.ChildJob childJob -> h
    boolean childCancelled(java.lang.Throwable) -> d
    void invoke(java.lang.Throwable) -> y
kotlinx.coroutines.ChildJob -> t0.t:
    void parentCancelled(kotlinx.coroutines.ParentJob) -> i
kotlinx.coroutines.CommonPool -> t0.w:
    kotlinx.coroutines.CommonPool INSTANCE -> f
    int requestedParallelism -> g
    boolean usePrivatePool -> h
    void dispatch(kotlin.coroutines.CoroutineContext,java.lang.Runnable) -> j
    void $r8$lambda$36bgNy4lLwRHCWOZ-fm6LcwyUbo() -> m
      # {"id":"com.android.tools.r8.synthesized"}
    java.lang.Thread $r8$lambda$ERvPtt6BNpepqyLHHf5J6mHx7SQ(java.util.concurrent.atomic.AtomicInteger,java.lang.Runnable) -> p
      # {"id":"com.android.tools.r8.synthesized"}
    java.util.concurrent.ExecutorService createPlainPool() -> q
    java.lang.Thread createPlainPool$lambda-12(java.util.concurrent.atomic.AtomicInteger,java.lang.Runnable) -> s
    java.util.concurrent.ExecutorService createPool() -> t
    java.util.concurrent.Executor getOrCreatePoolSync() -> u
    int getParallelism() -> v
    boolean isGoodCommonPool$kotlinx_coroutines_core(java.lang.Class,java.util.concurrent.ExecutorService) -> w
    void isGoodCommonPool$lambda-9() -> x
kotlinx.coroutines.CommonPool$$ExternalSyntheticLambda0 -> t0.u:
# {"id":"sourceFile","fileName":"R8$$SyntheticClass"}
# {"id":"com.android.tools.r8.synthesized"}
    java.util.concurrent.atomic.AtomicInteger kotlinx.coroutines.CommonPool$$InternalSyntheticLambda$1$2e22430f2290953c9fd4d47c143f9cb01b3dc22cd584198a8f560f31bd94ffbd$0.f$0 -> a
    void kotlinx.coroutines.CommonPool$$InternalSyntheticLambda$1$2e22430f2290953c9fd4d47c143f9cb01b3dc22cd584198a8f560f31bd94ffbd$0.<init>(java.util.concurrent.atomic.AtomicInteger) -> <init>
      # {"id":"com.android.tools.r8.synthesized"}
    java.lang.Thread kotlinx.coroutines.CommonPool$$InternalSyntheticLambda$1$2e22430f2290953c9fd4d47c143f9cb01b3dc22cd584198a8f560f31bd94ffbd$0.newThread(java.lang.Runnable) -> newThread
      # {"id":"com.android.tools.r8.synthesized"}
kotlinx.coroutines.CommonPool$$ExternalSyntheticLambda1 -> t0.v:
# {"id":"sourceFile","fileName":"R8$$SyntheticClass"}
# {"id":"com.android.tools.r8.synthesized"}
    void kotlinx.coroutines.CommonPool$$InternalSyntheticLambda$1$33cf08de088b18c91e02307959e276d3c395f29befe056cf9ab47fdb40d4a2cc$0.<init>() -> <init>
      # {"id":"com.android.tools.r8.synthesized"}
    void kotlinx.coroutines.CommonPool$$InternalSyntheticLambda$1$33cf08de088b18c91e02307959e276d3c395f29befe056cf9ab47fdb40d4a2cc$0.run() -> run
      # {"id":"com.android.tools.r8.synthesized"}
kotlinx.coroutines.CompletableJob -> t0.x:
kotlinx.coroutines.CompletedContinuation -> t0.y:
    kotlinx.coroutines.CancelHandler cancelHandler -> b
    java.lang.Object idempotentResume -> d
    java.lang.Object result -> a
    java.lang.Throwable cancelCause -> e
    kotlin.jvm.functions.Function1 onCancellation -> c
    kotlinx.coroutines.CompletedContinuation copy(java.lang.Object,kotlinx.coroutines.CancelHandler,kotlin.jvm.functions.Function1,java.lang.Object,java.lang.Throwable) -> a
    kotlinx.coroutines.CompletedContinuation copy$default(kotlinx.coroutines.CompletedContinuation,java.lang.Object,kotlinx.coroutines.CancelHandler,kotlin.jvm.functions.Function1,java.lang.Object,java.lang.Throwable,int,java.lang.Object) -> b
    boolean getCancelled() -> c
    void invokeHandlers(kotlinx.coroutines.CancellableContinuationImpl,java.lang.Throwable) -> d
kotlinx.coroutines.CompletedExceptionally -> t0.z:
    java.util.concurrent.atomic.AtomicIntegerFieldUpdater _handled$FU -> b
    java.lang.Throwable cause -> a
    boolean getHandled() -> a
    boolean makeHandled() -> b
kotlinx.coroutines.CompletedWithCancellation -> t0.a0:
    java.lang.Object result -> a
    kotlin.jvm.functions.Function1 onCancellation -> b
kotlinx.coroutines.CompletionHandlerBase -> t0.b0:
    void invoke(java.lang.Throwable) -> y