android/app/build/outputs/mapping/release/usage.txt
com.example.full_body_routine.BuildConfig
com.example.full_body_routine.R$attr
com.example.full_body_routine.R$color
com.example.full_body_routine.R$dimen
com.example.full_body_routine.R$drawable
com.example.full_body_routine.R$id
com.example.full_body_routine.R$integer
com.example.full_body_routine.R$layout
com.example.full_body_routine.R$mipmap
com.example.full_body_routine.R$string
com.example.full_body_routine.R$style
com.example.full_body_routine.R$styleable
com.example.full_body_routine.R$xml
com.example.full_body_routine.R
...
io.flutter.embedding.android.FlutterEngineConfigurator
io.flutter.embedding.android.FlutterEngineProvider
io.flutter.embedding.android.FlutterFragment$1
io.flutter.embedding.android.FlutterFragment$2
io.flutter.embedding.android.FlutterFragment$ActivityCallThrough
io.flutter.embedding.android.FlutterFragment$CachedEngineFragmentBuilder
io.flutter.embedding.android.FlutterFragment$NewEngineFragmentBuilder
io.flutter.embedding.android.FlutterFragment$NewEngineInGroupFragmentBuilder
io.flutter.embedding.android.FlutterFragment
io.flutter.embedding.android.FlutterFragmentActivity$CachedEngineIntentBuilder
io.flutter.embedding.android.FlutterFragmentActivity$NewEngineInGroupIntentBuilder
io.flutter.embedding.android.FlutterFragmentActivity$NewEngineIntentBuilder
io.flutter.embedding.android.FlutterFragmentActivity
io.flutter.embedding.android.FlutterImageView:
    private static final java.lang.String TAG
    public void <init>(android.content.Context)
    public void <init>(android.content.Context,android.util.AttributeSet)
io.flutter.embedding.android.FlutterPlayStoreSplitApplication
io.flutter.embedding.android.FlutterSurfaceView:
    private static final java.lang.String TAG
    public void <init>(android.content.Context)
    public void <init>(android.content.Context,android.util.AttributeSet)
io.flutter.embedding.android.FlutterTextureView:
    private static final java.lang.String TAG
io.flutter.embedding.android.FlutterView:
    private static final java.lang.String TAG
    public void <init>(android.content.Context)
    public void <init>(android.content.Context,android.util.AttributeSet)
    private void <init>(android.content.Context,android.util.AttributeSet,io.flutter.embedding.android.FlutterImageView)
    public void <init>(android.content.Context,io.flutter.embedding.android.FlutterImageView)
    public void <init>(android.content.Context,io.flutter.embedding.android.RenderMode)
    public void <init>(android.content.Context,io.flutter.embedding.android.RenderMode,io.flutter.embedding.android.TransparencyMode)
    public void <init>(android.content.Context,io.flutter.embedding.android.TransparencyMode)
    public void addFlutterEngineAttachmentListener(io.flutter.embedding.android.FlutterView$FlutterEngineAttachmentListener)
    private android.view.View findViewByAccessibilityIdRootedAtCurrentView(int,android.view.View)
    public android.view.View findViewByAccessibilityIdTraversal(int)
    public boolean hasRenderedFirstFrame()
    public void removeFlutterEngineAttachmentListener(io.flutter.embedding.android.FlutterView$FlutterEngineAttachmentListener)
io.flutter.embedding.android.KeyChannelResponder:
    private static final java.lang.String TAG
io.flutter.embedding.android.KeyData$DeviceType:
    static io.flutter.embedding.android.KeyData$DeviceType fromLong(long)
io.flutter.embedding.android.KeyData$Type:
    static io.flutter.embedding.android.KeyData$Type fromLong(long)
io.flutter.embedding.android.KeyData:
    private static final int BYTES_PER_FIELD
    public static final java.lang.String CHANNEL
    private static final int FIELD_COUNT
    private static final java.lang.String TAG
    public void <init>(java.nio.ByteBuffer)
io.flutter.embedding.android.KeyEmbedderResponder:
    private static final java.lang.String TAG
io.flutter.embedding.android.KeyboardManager:
    private static final java.lang.String TAG
io.flutter.embedding.android.KeyboardMap$1:
    private static final long serialVersionUID
io.flutter.embedding.android.KeyboardMap$2:
    private static final long serialVersionUID
io.flutter.embedding.android.KeyboardMap:
    public static final long kAndroidPlane
    public static final long kUnicodePlane
    public static final long kValueMask
    public void <init>()
io.flutter.embedding.android.MotionEventTracker:
    private static final java.lang.String TAG